# JRE version: OpenJDK Runtime Environment (8.0_242-b01) (build 1.8.0_242-release-1644-b01)
# Java VM: OpenJDK 64-Bit Server VM (25.242-b01 mixed mode windows-amd64 compressed oops)
Heap:
 PSYoungGen      total 564224K, used 378725K [0x00000000d5580000, 0x00000000ff600000, 0x0000000100000000)
  eden space 539136K, 65% used [0x00000000d5580000,0x00000000eaf216c8,0x00000000f6400000)
  from space 25088K, 98% used [0x00000000f6400000,0x00000000f7c37fa8,0x00000000f7c80000)
  to   space 74240K, 0% used [0x00000000fad80000,0x00000000fad80000,0x00000000ff600000)
 ParOldGen       total 222208K, used 191408K [0x0000000080000000, 0x000000008d900000, 0x00000000d5580000)
  object space 222208K, 86% used [0x0000000080000000,0x000000008baec230,0x000000008d900000)
 Metaspace       used 178965K, capacity 191311K, committed 191640K, reserved 1216512K
  class space    used 22573K, capacity 24642K, committed 24728K, reserved 1048576K
GC Heap History (10 events):
Event: 5546.577 GC heap before
{Heap before GC invocations=99 (full 10):
 PSYoungGen      total 611840K, used 542473K [0x00000000d5580000, 0x00000000ffa80000, 0x0000000100000000)
  eden space 529920K, 100% used [0x00000000d5580000,0x00000000f5b00000,0x00000000f5b00000)
  from space 81920K, 15% used [0x00000000faa80000,0x00000000fb6c24b0,0x00000000ffa80000)
  to   space 81408K, 0% used [0x00000000f5b00000,0x00000000f5b00000,0x00000000faa80000)
 ParOldGen       total 222208K, used 191088K [0x0000000080000000, 0x000000008d900000, 0x00000000d5580000)
  object space 222208K, 85% used [0x0000000080000000,0x000000008ba9c230,0x000000008d900000)
 Metaspace       used 173376K, capacity 184261K, committed 184472K, reserved 1210368K
  class space    used 21869K, capacity 23688K, committed 23704K, reserved 1048576K
Event: 5546.659 GC heap after
Heap after GC invocations=99 (full 10):
 PSYoungGen      total 611328K, used 19526K [0x00000000d5580000, 0x00000000ff880000, 0x0000000100000000)
  eden space 529920K, 0% used [0x00000000d5580000,0x00000000d5580000,0x00000000f5b00000)
  from space 81408K, 23% used [0x00000000f5b00000,0x00000000f6e119f0,0x00000000faa80000)
  to   space 77824K, 0% used [0x00000000fac80000,0x00000000fac80000,0x00000000ff880000)
 ParOldGen       total 222208K, used 191088K [0x0000000080000000, 0x000000008d900000, 0x00000000d5580000)
  object space 222208K, 85% used [0x0000000080000000,0x000000008ba9c230,0x000000008d900000)
 Metaspace       used 173376K, capacity 184261K, committed 184472K, reserved 1210368K
  class space    used 21869K, capacity 23688K, committed 23704K, reserved 1048576K
}
Event: 5550.434 GC heap before
{Heap before GC invocations=100 (full 10):
 PSYoungGen      total 611328K, used 549446K [0x00000000d5580000, 0x00000000ff880000, 0x0000000100000000)
  eden space 529920K, 100% used [0x00000000d5580000,0x00000000f5b00000,0x00000000f5b00000)
  from space 81408K, 23% used [0x00000000f5b00000,0x00000000f6e119f0,0x00000000faa80000)
  to   space 77824K, 0% used [0x00000000fac80000,0x00000000fac80000,0x00000000ff880000)
 ParOldGen       total 222208K, used 191088K [0x0000000080000000, 0x000000008d900000, 0x00000000d5580000)
  object space 222208K, 85% used [0x0000000080000000,0x000000008ba9c230,0x000000008d900000)
 Metaspace       used 173383K, capacity 184261K, committed 184472K, reserved 1210368K
  class space    used 21869K, capacity 23688K, committed 23704K, reserved 1048576K
Event: 5550.524 GC heap after
Heap after GC invocations=100 (full 10):
 PSYoungGen      total 614400K, used 19465K [0x00000000d5580000, 0x00000000ff680000, 0x0000000100000000)
  eden space 538624K, 0% used [0x00000000d5580000,0x00000000d5580000,0x00000000f6380000)
  from space 75776K, 25% used [0x00000000fac80000,0x00000000fbf82740,0x00000000ff680000)
  to   space 74752K, 0% used [0x00000000f6380000,0x00000000f6380000,0x00000000fac80000)
 ParOldGen       total 222208K, used 191088K [0x0000000080000000, 0x000000008d900000, 0x00000000d5580000)
  object space 222208K, 85% used [0x0000000080000000,0x000000008ba9c230,0x000000008d900000)
 Metaspace       used 173383K, capacity 184261K, committed 184472K, reserved 1210368K
  class space    used 21869K, capacity 23688K, committed 23704K, reserved 1048576K
}
Event: 5561.299 GC heap before
{Heap before GC invocations=101 (full 10):
 PSYoungGen      total 614400K, used 558089K [0x00000000d5580000, 0x00000000ff680000, 0x0000000100000000)
  eden space 538624K, 100% used [0x00000000d5580000,0x00000000f6380000,0x00000000f6380000)
  from space 75776K, 25% used [0x00000000fac80000,0x00000000fbf82740,0x00000000ff680000)
  to   space 74752K, 0% used [0x00000000f6380000,0x00000000f6380000,0x00000000fac80000)
 ParOldGen       total 222208K, used 191088K [0x0000000080000000, 0x000000008d900000, 0x00000000d5580000)
  object space 222208K, 85% used [0x0000000080000000,0x000000008ba9c230,0x000000008d900000)
 Metaspace       used 174282K, capacity 185281K, committed 185368K, reserved 1210368K
  class space    used 21963K, capacity 23798K, committed 23832K, reserved 1048576K
Event: 5561.507 GC heap after
Heap after GC invocations=101 (full 10):
 PSYoungGen      total 613376K, used 59873K [0x00000000d5580000, 0x0000000100000000, 0x0000000100000000)
  eden space 538624K, 0% used [0x00000000d5580000,0x00000000d5580000,0x00000000f6380000)
  from space 74752K, 80% used [0x00000000f6380000,0x00000000f9df8440,0x00000000fac80000)
  to   space 81920K, 0% used [0x00000000fb000000,0x00000000fb000000,0x0000000100000000)
 ParOldGen       total 222208K, used 191216K [0x0000000080000000, 0x000000008d900000, 0x00000000d5580000)
  object space 222208K, 86% used [0x0000000080000000,0x000000008babc230,0x000000008d900000)
 Metaspace       used 174282K, capacity 185281K, committed 185368K, reserved 1210368K
  class space    used 21963K, capacity 23798K, committed 23832K, reserved 1048576K
}
Event: 5585.044 GC heap before
{Heap before GC invocations=102 (full 10):
 PSYoungGen      total 613376K, used 598497K [0x00000000d5580000, 0x0000000100000000, 0x0000000100000000)
  eden space 538624K, 100% used [0x00000000d5580000,0x00000000f6380000,0x00000000f6380000)
  from space 74752K, 80% used [0x00000000f6380000,0x00000000f9df8440,0x00000000fac80000)
  to   space 81920K, 0% used [0x00000000fb000000,0x00000000fb000000,0x0000000100000000)
 ParOldGen       total 222208K, used 191216K [0x0000000080000000, 0x000000008d900000, 0x00000000d5580000)
  object space 222208K, 86% used [0x0000000080000000,0x000000008babc230,0x000000008d900000)
 Metaspace       used 177747K, capacity 189161K, committed 189208K, reserved 1214464K
  class space    used 22404K, capacity 24322K, committed 24344K, reserved 1048576K
Event: 5585.090 GC heap after
Heap after GC invocations=102 (full 10):
 PSYoungGen      total 620032K, used 25842K [0x00000000d5580000, 0x00000000fff00000, 0x0000000100000000)
  eden space 539136K, 0% used [0x00000000d5580000,0x00000000d5580000,0x00000000f6400000)
  from space 80896K, 31% used [0x00000000fb000000,0x00000000fc93ca58,0x00000000fff00000)
  to   space 77824K, 0% used [0x00000000f6400000,0x00000000f6400000,0x00000000fb000000)
 ParOldGen       total 222208K, used 191400K [0x0000000080000000, 0x000000008d900000, 0x00000000d5580000)
  object space 222208K, 86% used [0x0000000080000000,0x000000008baea230,0x000000008d900000)
 Metaspace       used 177747K, capacity 189161K, committed 189208K, reserved 1214464K
  class space    used 22404K, capacity 24322K, committed 24344K, reserved 1048576K
}
Event: 5719.400 GC heap before
{Heap before GC invocations=103 (full 10):
 PSYoungGen      total 620032K, used 564978K [0x00000000d5580000, 0x00000000fff00000, 0x0000000100000000)
  eden space 539136K, 100% used [0x00000000d5580000,0x00000000f6400000,0x00000000f6400000)
  from space 80896K, 31% used [0x00000000fb000000,0x00000000fc93ca58,0x00000000fff00000)
  to   space 77824K, 0% used [0x00000000f6400000,0x00000000f6400000,0x00000000fb000000)
 ParOldGen       total 222208K, used 191400K [0x0000000080000000, 0x000000008d900000, 0x00000000d5580000)
  object space 222208K, 86% used [0x0000000080000000,0x000000008baea230,0x000000008d900000)
 Metaspace       used 178855K, capacity 191023K, committed 191128K, reserved 1216512K
  class space    used 22568K, capacity 24636K, committed 24728K, reserved 1048576K
Event: 5719.456 GC heap after
Heap after GC invocations=103 (full 10):
 PSYoungGen      total 564224K, used 24799K [0x00000000d5580000, 0x00000000ff600000, 0x0000000100000000)
  eden space 539136K, 0% used [0x00000000d5580000,0x00000000d5580000,0x00000000f6400000)
  from space 25088K, 98% used [0x00000000f6400000,0x00000000f7c37fa8,0x00000000f7c80000)
  to   space 74240K, 0% used [0x00000000fad80000,0x00000000fad80000,0x00000000ff600000)
 ParOldGen       total 222208K, used 191408K [0x0000000080000000, 0x000000008d900000, 0x00000000d5580000)
  object space 222208K, 86% used [0x0000000080000000,0x000000008baec230,0x000000008d900000)
 Metaspace       used 178855K, capacity 191023K, committed 191128K, reserved 1216512K
  class space    used 22568K, capacity 24636K, committed 24728K, reserved 1048576K
}

